2026-03-12 14:46:54.660 [main] INFO  c.j.c.c.ConfigServerApplicationTests - Starting ConfigServerApplicationTests using Java 17.0.12 with PID 18220 (started by Administrator in D:\Jubilee\config-server)
2026-03-12 14:46:54.666 [main] INFO  c.j.c.c.ConfigServerApplicationTests - The following 1 profile is active: "native"
2026-03-12 14:46:54.892 [background-preinit] INFO  o.h.validator.internal.util.Version - HV000001: Hibernate Validator 9.0.1.Final
2026-03-12 14:46:55.372 [main] INFO  o.s.c.context.scope.GenericScope - BeanFactory id=76c8caca-ec40-36c0-8812-4d52aa2de636
2026-03-12 14:46:56.322 [main] INFO  c.j.c.c.ConfigServerApplicationTests - Started ConfigServerApplicationTests in 2.16 seconds (process running for 3.319)
2026-03-12 14:47:18.540 [main] INFO  c.j.c.c.ConfigServerApplication - Starting ConfigServerApplication v0.0.1-SNAPSHOT using Java 17.0.12 with PID 7200 (D:\Jubilee\config-server\target\config-server-0.0.1-SNAPSHOT.jar started by Administrator in D:\Jubilee\config-server)
2026-03-12 14:47:18.540 [main] DEBUG c.j.c.c.ConfigServerApplication - Running with Spring Boot v4.0.3, Spring v7.0.5
2026-03-12 14:47:18.540 [main] INFO  c.j.c.c.ConfigServerApplication - The following 1 profile is active: "native"
2026-03-12 14:47:18.796 [background-preinit] INFO  o.h.validator.internal.util.Version - HV000001: Hibernate Validator 9.0.1.Final
2026-03-12 14:47:19.395 [main] INFO  o.s.c.context.scope.GenericScope - BeanFactory id=f49cb6db-ffe6-39c2-bcf3-f922b3a98531
2026-03-12 14:47:19.755 [main] INFO  o.s.boot.tomcat.TomcatWebServer - Tomcat initialized with port 8888 (http)
2026-03-12 14:47:19.764 [main] INFO  o.a.coyote.http11.Http11NioProtocol - Initializing ProtocolHandler ["http-nio-8888"]
2026-03-12 14:47:19.768 [main] INFO  o.a.catalina.core.StandardService - Starting service [Tomcat]
2026-03-12 14:47:19.770 [main] INFO  o.a.catalina.core.StandardEngine - Starting Servlet engine: [Apache Tomcat/11.0.18]
2026-03-12 14:47:19.810 [main] INFO  o.s.b.w.c.s.WebApplicationContextInitializer - Root WebApplicationContext: initialization completed in 1207 ms
2026-03-12 14:47:20.604 [main] INFO  o.a.coyote.http11.Http11NioProtocol - Starting ProtocolHandler ["http-nio-8888"]
2026-03-12 14:47:20.630 [main] INFO  o.s.boot.tomcat.TomcatWebServer - Tomcat started on port 8888 (http) with context path '/'
2026-03-12 14:47:20.726 [main] INFO  c.j.c.c.ConfigServerApplication - Started ConfigServerApplication in 3.248 seconds (process running for 3.803)
2026-03-12 14:47:38.811 [http-nio-8888-exec-1] INFO  o.a.c.c.C.[Tomcat].[localhost].[/] - Initializing Spring DispatcherServlet 'dispatcherServlet'
2026-03-12 14:47:38.811 [http-nio-8888-exec-1] INFO  o.s.web.servlet.DispatcherServlet - Initializing Servlet 'dispatcherServlet'
2026-03-12 14:47:38.813 [http-nio-8888-exec-1] INFO  o.s.web.servlet.DispatcherServlet - Completed initialization in 2 ms
2026-03-12 14:47:39.236 [http-nio-8888-exec-2] INFO  o.s.c.c.s.e.NativeEnvironmentRepository - Adding property source: Config resource 'file [D:\Jubilee\config-server\config-repo\jubilee-client.yml]' via location 'file:///D:/Jubilee/config-server/config-repo/'
2026-03-12 14:47:39.292 [http-nio-8888-exec-6] INFO  o.s.c.c.s.e.NativeEnvironmentRepository - Adding property source: Config resource 'file [D:\Jubilee\config-server\config-repo\jubilee-client.yml]' via location 'file:///D:/Jubilee/config-server/config-repo/'
2026-03-12 15:01:15.275 [http-nio-8888-exec-5] INFO  o.s.c.c.s.e.NativeEnvironmentRepository - Adding property source: Config resource 'file [D:\Jubilee\config-server\config-repo\jubilee-client.yml]' via location 'file:///D:/Jubilee/config-server/config-repo/'
2026-03-12 15:01:31.976 [http-nio-8888-exec-8] INFO  o.s.c.c.s.e.NativeEnvironmentRepository - Adding property source: Config resource 'file [D:\Jubilee\config-server\config-repo\jubilee-client.yml]' via location 'file:///D:/Jubilee/config-server/config-repo/'
2026-03-12 15:01:32.023 [http-nio-8888-exec-3] INFO  o.s.c.c.s.e.NativeEnvironmentRepository - Adding property source: Config resource 'file [D:\Jubilee\config-server\config-repo\jubilee-client.yml]' via location 'file:///D:/Jubilee/config-server/config-repo/'
2026-03-12 15:42:00.463 [http-nio-8888-exec-1] INFO  o.s.c.c.s.e.NativeEnvironmentRepository - Adding property source: Config resource 'file [D:\Jubilee\config-server\config-repo\jubilee-client.yml]' via location 'file:///D:/Jubilee/config-server/config-repo/'
2026-03-12 15:42:37.490 [http-nio-8888-exec-4] INFO  o.s.c.c.s.e.NativeEnvironmentRepository - Adding property source: Config resource 'file [D:\Jubilee\config-server\config-repo\jubilee-client.yml]' via location 'file:///D:/Jubilee/config-server/config-repo/'
2026-03-12 15:42:37.646 [http-nio-8888-exec-5] INFO  o.s.c.c.s.e.NativeEnvironmentRepository - Adding property source: Config resource 'file [D:\Jubilee\config-server\config-repo\jubilee-client.yml]' via location 'file:///D:/Jubilee/config-server/config-repo/'
2026-03-12 16:16:16.501 [http-nio-8888-exec-7] INFO  o.s.c.c.s.e.NativeEnvironmentRepository - Adding property source: Config resource 'file [D:\Jubilee\config-server\config-repo\jubilee-client.yml]' via location 'file:///D:/Jubilee/config-server/config-repo/'
2026-03-12 16:16:42.366 [http-nio-8888-exec-10] INFO  o.s.c.c.s.e.NativeEnvironmentRepository - Adding property source: Config resource 'file [D:\Jubilee\config-server\config-repo\jubilee-client.yml]' via location 'file:///D:/Jubilee/config-server/config-repo/'
2026-03-12 16:16:42.414 [http-nio-8888-exec-1] INFO  o.s.c.c.s.e.NativeEnvironmentRepository - Adding property source: Config resource 'file [D:\Jubilee\config-server\config-repo\jubilee-client.yml]' via location 'file:///D:/Jubilee/config-server/config-repo/'
2026-03-12 16:34:52.403 [http-nio-8888-exec-6] INFO  o.s.c.c.s.e.NativeEnvironmentRepository - Adding property source: Config resource 'file [D:\Jubilee\config-server\config-repo\jubilee-client.yml]' via location 'file:///D:/Jubilee/config-server/config-repo/'
2026-03-12 16:35:50.649 [http-nio-8888-exec-9] INFO  o.s.c.c.s.e.NativeEnvironmentRepository - Adding property source: Config resource 'file [D:\Jubilee\config-server\config-repo\jubilee-client.yml]' via location 'file:///D:/Jubilee/config-server/config-repo/'
2026-03-12 16:35:50.704 [http-nio-8888-exec-7] INFO  o.s.c.c.s.e.NativeEnvironmentRepository - Adding property source: Config resource 'file [D:\Jubilee\config-server\config-repo\jubilee-client.yml]' via location 'file:///D:/Jubilee/config-server/config-repo/'
2026-03-12 17:00:54.833 [http-nio-8888-exec-3] INFO  o.s.c.c.s.e.NativeEnvironmentRepository - Adding property source: Config resource 'file [D:\Jubilee\config-server\config-repo\jubilee-client.yml]' via location 'file:///D:/Jubilee/config-server/config-repo/'
2026-03-12 17:01:24.791 [http-nio-8888-exec-2] INFO  o.s.c.c.s.e.NativeEnvironmentRepository - Adding property source: Config resource 'file [D:\Jubilee\config-server\config-repo\jubilee-client.yml]' via location 'file:///D:/Jubilee/config-server/config-repo/'
2026-03-12 17:01:24.921 [http-nio-8888-exec-6] INFO  o.s.c.c.s.e.NativeEnvironmentRepository - Adding property source: Config resource 'file [D:\Jubilee\config-server\config-repo\jubilee-client.yml]' via location 'file:///D:/Jubilee/config-server/config-repo/'
2026-03-12 18:24:26.545 [SpringApplicationShutdownHook] INFO  o.s.boot.tomcat.GracefulShutdown - Commencing graceful shutdown. Waiting for active requests to complete
2026-03-12 18:24:26.960 [tomcat-shutdown] INFO  o.s.boot.tomcat.GracefulShutdown - Graceful shutdown complete
